<!DOCTYPE html PUBLIC "-//W3C//DTD XHTML 1.1//EN" "https://www.w3.org/TR/xhtml11/DTD/xhtml11.dtd">
<html xmlns="https://www.w3.org/1999/xhtml">
<head>
<meta http-equiv="content-type" content="text/html; charset=UTF-8"/>
<title>TestNG Report</title>
<style type="text/css">table {margin-bottom:10px;border-collapse:collapse;empty-cells:show}th,td {border:1px solid #009;padding:.25em .5em}th {vertical-align:bottom}td {vertical-align:top}table a {font-weight:bold}.stripe td {background-color: #E6EBF9}.num {text-align:right}.passedodd td {background-color: #3F3}.passedeven td {background-color: #0A0}.skippedodd td {background-color: #DDD}.skippedeven td {background-color: #CCC}.failedodd td,.attn {background-color: #F33}.failedeven td,.stripe .attn {background-color: #D00}.stacktrace {white-space:pre;font-family:monospace}.totop {font-size:85%;text-align:center;border-bottom:2px solid #000}.invisible {display:none}</style>
</head>
<body>
<table>
<tr><th>Test</th><th># Passed</th><th># Skipped</th><th># Retried</th><th># Failed</th><th>Time (ms)</th><th>Included Groups</th><th>Excluded Groups</th></tr>
<tr><th colspan="8">Suite</th></tr>
<tr><td><a href="#t0">SubmitOrderTest</a></td><td class="num">1</td><td class="num attn">1</td><td class="num">0</td><td class="num attn">1</td><td class="num">47,576</td><td></td><td></td></tr>
<tr class="stripe"><td><a href="#t1">ErrorValidationsTest</a></td><td class="num">1</td><td class="num">0</td><td class="num attn">1</td><td class="num attn">1</td><td class="num">61,047</td><td></td><td></td></tr>
<tr><th>Total</th><th class="num">2</th><th class="num attn">1</th><th class="num attn">1</th><th class="num attn">2</th><th class="num">108,623</th><th colspan="2"></th></tr>
</table>
<table id='summary'><thead><tr><th>Class</th><th>Method</th><th>Start</th><th>Time (ms)</th></tr></thead><tbody><tr><th colspan="4">Suite</th></tr></tbody><tbody id="t0"><tr><th colspan="4">SubmitOrderTest &#8212; failed</th></tr><tr class="failedeven"><td rowspan="1">taransinghlearning.Tests.SubmitOrderTest</td><td><a href="#m0">submitOrder</a></td><td rowspan="1">1759746723816</td><td rowspan="1">653</td></tr><tr><th colspan="4">SubmitOrderTest &#8212; skipped</th></tr><tr class="skippedeven"><td rowspan="1">taransinghlearning.Tests.SubmitOrderTest</td><td><a href="#m1">verifyOrder</a></td><td rowspan="1">1759746725950</td><td rowspan="1">1</td></tr><tr><th colspan="4">SubmitOrderTest &#8212; passed</th></tr><tr class="passedeven"><td rowspan="1">taransinghlearning.Tests.SubmitOrderTest</td><td><a href="#m2">submitOrder</a></td><td rowspan="1">1759746691265</td><td rowspan="1">25834</td></tr></tbody>
<tbody id="t1"><tr><th colspan="4">ErrorValidationsTest &#8212; failed</th></tr><tr class="failedeven"><td rowspan="1">taransinghlearning.Tests.ErrorValidationsTest</td><td><a href="#m3">productErrorValidation</a></td><td rowspan="1">1759746705559</td><td rowspan="1">32743</td></tr><tr><th colspan="4">ErrorValidationsTest &#8212; retried</th></tr><tr class="retriedeven"><td rowspan="1">taransinghlearning.Tests.ErrorValidationsTest</td><td><a href="#m4">productErrorValidation</a></td><td rowspan="1">1759746698431</td><td rowspan="1">655</td></tr><tr><th colspan="4">ErrorValidationsTest &#8212; passed</th></tr><tr class="passedeven"><td rowspan="1">taransinghlearning.Tests.ErrorValidationsTest</td><td><a href="#m5">loginErrorValidation</a></td><td rowspan="1">1759746690193</td><td rowspan="1">620</td></tr></tbody>
</table>
<h2>SubmitOrderTest</h2><h3 id="m0">taransinghlearning.Tests.SubmitOrderTest#submitOrder</h3><table class="result"><tr class="param"><th>Parameter #1</th></tr><tr class="param stripe"><td>{password=monu@09876, product=ADIDAS ORIGINAL, email=monu@yopmail.com}</td></tr><tr><th>Exception</th></tr><tr><td><div class="stacktrace">org.openqa.selenium.ElementClickInterceptedException: Element &lt;button class=&quot;btn w-10 rounded&quot;&gt; is not clickable at point (1198,444) because another element &lt;div class=&quot;ngx-spinner-overlay ng-tns-c31-1 ng-trigger ng-trigger-fadeIn ng-star-inserted ng-animating&quot;&gt; obscures it
Build info: version: &apos;4.35.0&apos;, revision: &apos;1c58e5028b&apos;
System info: os.name: &apos;Windows 10&apos;, os.arch: &apos;amd64&apos;, os.version: &apos;10.0&apos;, java.version: &apos;21.0.7&apos;
Driver info: org.openqa.selenium.firefox.FirefoxDriver
Command: [2a4ff746-3260-4109-8de4-2d509f897975, clickElement {id=691c73e0-667e-4152-950b-4641934cdc1a}]
Capabilities {acceptInsecureCerts: true, browserName: firefox, browserVersion: 143.0.1, moz:accessibilityChecks: false, moz:buildID: 20250918214338, moz:geckodriverVersion: 0.36.0, moz:headless: true, moz:platformVersion: 10.0, moz:processID: 5784, moz:profile: C:\Users\Admin\AppData\Loca..., moz:shutdownTimeout: 60000, moz:webdriverClick: true, moz:windowless: false, pageLoadStrategy: normal, platformName: windows, proxy: Proxy(), setWindowRect: true, strictFileInteractability: false, timeouts: {implicit: 0, pageLoad: 300000, script: 30000}, unhandledPromptBehavior: dismiss and notify, userAgent: Mozilla/5.0 (Windows NT 10....}
Element: [[[[FirefoxDriver: firefox on windows (2a4ff746-3260-4109-8de4-2d509f897975)] -&gt; class name: mb-3]] -&gt; css selector: .card-body button:last-of-type]
Session ID: 2a4ff746-3260-4109-8de4-2d509f897975
	at org.openqa.selenium.remote.ErrorCodec.decode(ErrorCodec.java:167)
	at org.openqa.selenium.remote.codec.w3c.W3CHttpResponseCodec.decode(W3CHttpResponseCodec.java:138)
	at org.openqa.selenium.remote.codec.w3c.W3CHttpResponseCodec.decode(W3CHttpResponseCodec.java:50)
	at org.openqa.selenium.remote.HttpCommandExecutor.execute(HttpCommandExecutor.java:215)
	at org.openqa.selenium.remote.service.DriverCommandExecutor.invokeExecute(DriverCommandExecutor.java:216)
	at org.openqa.selenium.remote.service.DriverCommandExecutor.execute(DriverCommandExecutor.java:174)
	at org.openqa.selenium.remote.RemoteWebDriver.execute(RemoteWebDriver.java:557)
	at org.openqa.selenium.remote.RemoteWebElement.execute(RemoteWebElement.java:223)
	at org.openqa.selenium.remote.RemoteWebElement.click(RemoteWebElement.java:76)
	at taransinghlearning.pageObject.ProductCatalogue.addProductToCart(ProductCatalogue.java:65)
	at taransinghlearning.Tests.SubmitOrderTest.submitOrder(SubmitOrderTest.java:45)
	at java.base/java.util.ArrayList.forEach(ArrayList.java:1596)
	at java.base/java.util.concurrent.FutureTask.run(FutureTask.java:317)
	at java.base/java.util.concurrent.ThreadPoolExecutor.runWorker(ThreadPoolExecutor.java:1144)
	at java.base/java.util.concurrent.ThreadPoolExecutor$Worker.run(ThreadPoolExecutor.java:642)
	at java.base/java.lang.Thread.run(Thread.java:1583)
... Removed 18 stack frames</div></td></tr></table><p class="totop"><a href="#summary">back to summary</a></p>
<h3 id="m1">taransinghlearning.Tests.SubmitOrderTest#verifyOrder</h3><table class="result"><tr><th>Exception</th></tr><tr><td><div class="stacktrace">java.lang.Throwable: Method taransinghlearning.Tests.SubmitOrderTest.verifyOrder() on instance taransinghlearning.Tests.SubmitOrderTest@2ad48653 depends on not successfully finished methods 
[taransinghlearning.Tests.SubmitOrderTest.submitOrder() on instance taransinghlearning.Tests.SubmitOrderTest@2ad48653]
	at java.base/java.util.ArrayList.forEach(ArrayList.java:1596)
	at java.base/java.util.concurrent.FutureTask.run(FutureTask.java:317)
	at java.base/java.util.concurrent.ThreadPoolExecutor.runWorker(ThreadPoolExecutor.java:1144)
	at java.base/java.util.concurrent.ThreadPoolExecutor$Worker.run(ThreadPoolExecutor.java:642)
	at java.base/java.lang.Thread.run(Thread.java:1583)
... Removed 8 stack frames</div></td></tr></table><p class="totop"><a href="#summary">back to summary</a></p>
<h3 id="m2">taransinghlearning.Tests.SubmitOrderTest#submitOrder</h3><table class="result"><tr class="param"><th>Parameter #1</th></tr><tr class="param stripe"><td>{password=Taran@123, product=ZARA COAT 3, email=writetotaransingh@gmail.com}</td></tr></table><p class="totop"><a href="#summary">back to summary</a></p>
<h2>ErrorValidationsTest</h2><h3 id="m3">taransinghlearning.Tests.ErrorValidationsTest#productErrorValidation</h3><table class="result"><tr><th>Exception</th></tr><tr><td><div class="stacktrace">java.lang.AssertionError: expected [true] but found [false]
	at taransinghlearning.Tests.ErrorValidationsTest.productErrorValidation(ErrorValidationsTest.java:39)
	at java.base/java.util.ArrayList.forEach(ArrayList.java:1596)
	at java.base/java.util.concurrent.FutureTask.run(FutureTask.java:317)
	at java.base/java.util.concurrent.ThreadPoolExecutor.runWorker(ThreadPoolExecutor.java:1144)
	at java.base/java.util.concurrent.ThreadPoolExecutor$Worker.run(ThreadPoolExecutor.java:642)
	at java.base/java.lang.Thread.run(Thread.java:1583)
... Removed 19 stack frames</div></td></tr></table><p class="totop"><a href="#summary">back to summary</a></p>
<h3 id="m4">taransinghlearning.Tests.ErrorValidationsTest#productErrorValidation</h3><table class="result"><tr><th>Exception</th></tr><tr><td><div class="stacktrace">org.openqa.selenium.ElementClickInterceptedException: Element &lt;button class=&quot;btn w-10 rounded&quot;&gt; is not clickable at point (758,444) because another element &lt;div class=&quot;ngx-spinner-overlay ng-tns-c31-1 ng-trigger ng-trigger-fadeIn ng-star-inserted ng-animating&quot;&gt; obscures it
Build info: version: &apos;4.35.0&apos;, revision: &apos;1c58e5028b&apos;
System info: os.name: &apos;Windows 10&apos;, os.arch: &apos;amd64&apos;, os.version: &apos;10.0&apos;, java.version: &apos;21.0.7&apos;
Driver info: org.openqa.selenium.firefox.FirefoxDriver
Command: [56d32757-e7a5-4538-881f-71ae16b747ee, clickElement {id=689890ad-123c-4c2f-a733-9259ef58950c}]
Capabilities {acceptInsecureCerts: true, browserName: firefox, browserVersion: 143.0.1, moz:accessibilityChecks: false, moz:buildID: 20250918214338, moz:geckodriverVersion: 0.36.0, moz:headless: true, moz:platformVersion: 10.0, moz:processID: 6140, moz:profile: C:\Users\Admin\AppData\Loca..., moz:shutdownTimeout: 60000, moz:webdriverClick: true, moz:windowless: false, pageLoadStrategy: normal, platformName: windows, proxy: Proxy(), setWindowRect: true, strictFileInteractability: false, timeouts: {implicit: 0, pageLoad: 300000, script: 30000}, unhandledPromptBehavior: dismiss and notify, userAgent: Mozilla/5.0 (Windows NT 10....}
Element: [[[[FirefoxDriver: firefox on windows (56d32757-e7a5-4538-881f-71ae16b747ee)] -&gt; class name: mb-3]] -&gt; css selector: .card-body button:last-of-type]
Session ID: 56d32757-e7a5-4538-881f-71ae16b747ee
	at org.openqa.selenium.remote.ErrorCodec.decode(ErrorCodec.java:167)
	at org.openqa.selenium.remote.codec.w3c.W3CHttpResponseCodec.decode(W3CHttpResponseCodec.java:138)
	at org.openqa.selenium.remote.codec.w3c.W3CHttpResponseCodec.decode(W3CHttpResponseCodec.java:50)
	at org.openqa.selenium.remote.HttpCommandExecutor.execute(HttpCommandExecutor.java:215)
	at org.openqa.selenium.remote.service.DriverCommandExecutor.invokeExecute(DriverCommandExecutor.java:216)
	at org.openqa.selenium.remote.service.DriverCommandExecutor.execute(DriverCommandExecutor.java:174)
	at org.openqa.selenium.remote.RemoteWebDriver.execute(RemoteWebDriver.java:557)
	at org.openqa.selenium.remote.RemoteWebElement.execute(RemoteWebElement.java:223)
	at org.openqa.selenium.remote.RemoteWebElement.click(RemoteWebElement.java:76)
	at taransinghlearning.pageObject.ProductCatalogue.addProductToCart(ProductCatalogue.java:65)
	at taransinghlearning.Tests.ErrorValidationsTest.productErrorValidation(ErrorValidationsTest.java:36)
	at java.base/java.util.ArrayList.forEach(ArrayList.java:1596)
	at java.base/java.util.concurrent.FutureTask.run(FutureTask.java:317)
	at java.base/java.util.concurrent.ThreadPoolExecutor.runWorker(ThreadPoolExecutor.java:1144)
	at java.base/java.util.concurrent.ThreadPoolExecutor$Worker.run(ThreadPoolExecutor.java:642)
	at java.base/java.lang.Thread.run(Thread.java:1583)
... Removed 18 stack frames</div></td></tr></table><p class="totop"><a href="#summary">back to summary</a></p>
<h3 id="m5">taransinghlearning.Tests.ErrorValidationsTest#loginErrorValidation</h3><table class="result"><tr><th class="invisible"/></tr></table><p class="totop"><a href="#summary">back to summary</a></p>
</body>
</html>
